<?xml version="1.0" encoding="UTF-8"?>
<testng-results ignored="0" total="7" passed="7" failed="0" skipped="0">
  <reporter-output>
  </reporter-output>
  <suite started-at="2025-12-07T13:42:50 EST" name="Suite" finished-at="2025-12-07T13:45:07 EST" duration-ms="137669">
    <groups>
      <group name="cucumber">
        <method signature="AbstractTestNGCucumberTests.runScenario(io.cucumber.testng.PickleWrapper,io.cucumber.testng.FeatureWrapper)[pri:0, instance:com.test.run.Runner@76908cc0]" name="runScenario" class="io.cucumber.testng.AbstractTestNGCucumberTests"/>
      </group> <!-- cucumber -->
    </groups>
    <test started-at="2025-12-07T13:42:50 EST" name="Test" finished-at="2025-12-07T13:45:07 EST" duration-ms="137669">
      <class name="com.test.run.Runner">
        <test-method is-config="true" signature="setUpClass(org.testng.ITestContext)[pri:0, instance:com.test.run.Runner@76908cc0]" started-at="2025-12-07T13:42:50 EST" name="setUpClass" finished-at="2025-12-07T13:42:50 EST" duration-ms="365" status="PASS">
          <params>
            <param index="0">
              <value>
                <![CDATA[org.testng.TestRunner@66b7550d]]>
              </value>
            </param>
          </params>
          <reporter-output>
          </reporter-output>
        </test-method> <!-- setUpClass -->
        <test-method signature="runScenario(io.cucumber.testng.PickleWrapper,io.cucumber.testng.FeatureWrapper)[pri:0, instance:com.test.run.Runner@76908cc0]" started-at="2025-12-07T13:42:50 EST" name="runScenario" description="Runs Cucumber Scenarios" data-provider="scenarios" finished-at="2025-12-07T13:45:06 EST" duration-ms="136267" status="PASS">
          <params>
            <param index="0">
              <value>
                <![CDATA["Login should fail with invalid or wrong credentials"]]>
              </value>
            </param>
            <param index="1">
              <value>
                <![CDATA["Login function test"]]>
              </value>
            </param>
          </params>
          <reporter-output>
          </reporter-output>
        </test-method> <!-- runScenario -->
        <test-method signature="runScenario(io.cucumber.testng.PickleWrapper,io.cucumber.testng.FeatureWrapper)[pri:0, instance:com.test.run.Runner@76908cc0]" started-at="2025-12-07T13:42:50 EST" name="runScenario" description="Runs Cucumber Scenarios" data-provider="scenarios" finished-at="2025-12-07T13:45:06 EST" duration-ms="136082" status="PASS">
          <params>
            <param index="0">
              <value>
                <![CDATA["Login should pass with valid User name and pass"]]>
              </value>
            </param>
            <param index="1">
              <value>
                <![CDATA["Login function test"]]>
              </value>
            </param>
          </params>
          <reporter-output>
          </reporter-output>
        </test-method> <!-- runScenario -->
        <test-method signature="runScenario(io.cucumber.testng.PickleWrapper,io.cucumber.testng.FeatureWrapper)[pri:0, instance:com.test.run.Runner@76908cc0]" started-at="2025-12-07T13:42:50 EST" name="runScenario" description="Runs Cucumber Scenarios" data-provider="scenarios" finished-at="2025-12-07T13:45:07 EST" duration-ms="136642" status="PASS">
          <params>
            <param index="0">
              <value>
                <![CDATA["Login should fail with null user or  pass valid"]]>
              </value>
            </param>
            <param index="1">
              <value>
                <![CDATA["Login function test"]]>
              </value>
            </param>
          </params>
          <reporter-output>
          </reporter-output>
        </test-method> <!-- runScenario -->
        <test-method signature="runScenario(io.cucumber.testng.PickleWrapper,io.cucumber.testng.FeatureWrapper)[pri:0, instance:com.test.run.Runner@76908cc0]" started-at="2025-12-07T13:42:50 EST" name="runScenario" description="Runs Cucumber Scenarios" data-provider="scenarios" finished-at="2025-12-07T13:45:06 EST" duration-ms="136082" status="PASS">
          <params>
            <param index="0">
              <value>
                <![CDATA["Login should fail with both user or  pass null"]]>
              </value>
            </param>
            <param index="1">
              <value>
                <![CDATA["Login function test"]]>
              </value>
            </param>
          </params>
          <reporter-output>
          </reporter-output>
        </test-method> <!-- runScenario -->
        <test-method signature="runScenario(io.cucumber.testng.PickleWrapper,io.cucumber.testng.FeatureWrapper)[pri:0, instance:com.test.run.Runner@76908cc0]" started-at="2025-12-07T13:42:50 EST" name="runScenario" description="Runs Cucumber Scenarios" data-provider="scenarios" finished-at="2025-12-07T13:45:06 EST" duration-ms="136393" status="PASS">
          <params>
            <param index="0">
              <value>
                <![CDATA["Login should fail with valid user or  pass null"]]>
              </value>
            </param>
            <param index="1">
              <value>
                <![CDATA["Login function test"]]>
              </value>
            </param>
          </params>
          <reporter-output>
          </reporter-output>
        </test-method> <!-- runScenario -->
        <test-method signature="runScenario(io.cucumber.testng.PickleWrapper,io.cucumber.testng.FeatureWrapper)[pri:0, instance:com.test.run.Runner@76908cc0]" started-at="2025-12-07T13:42:50 EST" name="runScenario" description="Runs Cucumber Scenarios" data-provider="scenarios" finished-at="2025-12-07T13:45:06 EST" duration-ms="136484" status="PASS">
          <params>
            <param index="0">
              <value>
                <![CDATA["Login should fail with invalid user or valid pass"]]>
              </value>
            </param>
            <param index="1">
              <value>
                <![CDATA["Login function test"]]>
              </value>
            </param>
          </params>
          <reporter-output>
          </reporter-output>
        </test-method> <!-- runScenario -->
        <test-method signature="runScenario(io.cucumber.testng.PickleWrapper,io.cucumber.testng.FeatureWrapper)[pri:0, instance:com.test.run.Runner@76908cc0]" started-at="2025-12-07T13:42:50 EST" name="runScenario" description="Runs Cucumber Scenarios" data-provider="scenarios" finished-at="2025-12-07T13:45:06 EST" duration-ms="136158" status="PASS">
          <params>
            <param index="0">
              <value>
                <![CDATA["Login should fail with valid user or invalid pass"]]>
              </value>
            </param>
            <param index="1">
              <value>
                <![CDATA["Login function test"]]>
              </value>
            </param>
          </params>
          <reporter-output>
          </reporter-output>
        </test-method> <!-- runScenario -->
        <test-method is-config="true" signature="tearDownClass()[pri:0, instance:com.test.run.Runner@76908cc0]" started-at="2025-12-07T13:45:07 EST" name="tearDownClass" finished-at="2025-12-07T13:45:07 EST" duration-ms="623" status="PASS">
          <reporter-output>
          </reporter-output>
        </test-method> <!-- tearDownClass -->
      </class> <!-- com.test.run.Runner -->
    </test> <!-- Test -->
  </suite> <!-- Suite -->
</testng-results>
