<?xml version="1.0" encoding="UTF-8"?>
<!-- Generated by org.testng.reporters.JUnitReportReporter -->
<testsuite hostname="DESKTOP-K4CGVGU" failures="0" tests="7" name="com.test.run.Runner" time="615.761" errors="0" timestamp="2025-12-07T13:30:55 EST" skipped="0">
  <testcase classname="com.test.run.Runner" name="runScenario" time="87.541"/>
  <testcase classname="com.test.run.Runner" name="runScenario" time="87.541"/>
  <testcase classname="com.test.run.Runner" name="runScenario" time="87.541"/>
  <testcase classname="com.test.run.Runner" name="runScenario" time="88.492"/>
  <testcase classname="com.test.run.Runner" name="runScenario" time="87.599"/>
  <testcase classname="com.test.run.Runner" name="runScenario" time="88.427"/>
  <testcase classname="com.test.run.Runner" name="runScenario" time="88.620"/>
</testsuite> <!-- com.test.run.Runner -->
