<?xml version="1.0" encoding="UTF-8"?>
<!-- Generated by org.testng.reporters.JUnitReportReporter -->
<testsuite hostname="DESKTOP-K4CGVGU" failures="0" tests="7" name="com.test.run.Runner" time="954.108" errors="0" timestamp="2025-12-07T13:45:08 EST" skipped="0">
  <testcase classname="com.test.run.Runner" name="runScenario" time="136.267"/>
  <testcase classname="com.test.run.Runner" name="runScenario" time="136.082"/>
  <testcase classname="com.test.run.Runner" name="runScenario" time="136.642"/>
  <testcase classname="com.test.run.Runner" name="runScenario" time="136.082"/>
  <testcase classname="com.test.run.Runner" name="runScenario" time="136.393"/>
  <testcase classname="com.test.run.Runner" name="runScenario" time="136.484"/>
  <testcase classname="com.test.run.Runner" name="runScenario" time="136.158"/>
</testsuite> <!-- com.test.run.Runner -->
